Traceback (most recent call last):
  File "/opt/hostedtoolcache/Python/3.8.12/x64/lib/python3.8/site-packages/jupyter_cache/executors/utils.py", line 51, in single_nb_execution
    executenb(
  File "/opt/hostedtoolcache/Python/3.8.12/x64/lib/python3.8/site-packages/nbclient/client.py", line 1204, in execute
    return NotebookClient(nb=nb, resources=resources, km=km, **kwargs).execute()
  File "/opt/hostedtoolcache/Python/3.8.12/x64/lib/python3.8/site-packages/nbclient/util.py", line 84, in wrapped
    return just_run(coro(*args, **kwargs))
  File "/opt/hostedtoolcache/Python/3.8.12/x64/lib/python3.8/site-packages/nbclient/util.py", line 62, in just_run
    return loop.run_until_complete(coro)
  File "/opt/hostedtoolcache/Python/3.8.12/x64/lib/python3.8/asyncio/base_events.py", line 616, in run_until_complete
    return future.result()
  File "/opt/hostedtoolcache/Python/3.8.12/x64/lib/python3.8/site-packages/nbclient/client.py", line 663, in async_execute
    await self.async_execute_cell(
  File "/opt/hostedtoolcache/Python/3.8.12/x64/lib/python3.8/site-packages/nbclient/client.py", line 965, in async_execute_cell
    await self._check_raise_for_error(cell, cell_index, exec_reply)
  File "/opt/hostedtoolcache/Python/3.8.12/x64/lib/python3.8/site-packages/nbclient/client.py", line 862, in _check_raise_for_error
    raise CellExecutionError.from_cell_and_msg(cell, exec_reply_content)
nbclient.exceptions.CellExecutionError: An error occurred while executing the following cell:
------------------
# df = pd.read_csv("514_companies.csv")
# df
df = pd.read_json("bq_2018_top5SIC.json", lines = True)
df.head()
------------------

[0;31m---------------------------------------------------------------------------[0m
[0;31mValueError[0m                                Traceback (most recent call last)
Input [0;32mIn [2][0m, in [0;36m<cell line: 3>[0;34m()[0m
[1;32m      1[0m [38;5;66;03m# df = pd.read_csv("514_companies.csv")[39;00m
[1;32m      2[0m [38;5;66;03m# df[39;00m
[0;32m----> 3[0m df [38;5;241m=[39m [43mpd[49m[38;5;241;43m.[39;49m[43mread_json[49m[43m([49m[38;5;124;43m"[39;49m[38;5;124;43mbq_2018_top5SIC.json[39;49m[38;5;124;43m"[39;49m[43m,[49m[43m [49m[43mlines[49m[43m [49m[38;5;241;43m=[39;49m[43m [49m[38;5;28;43;01mTrue[39;49;00m[43m)[49m
[1;32m      4[0m df[38;5;241m.[39mhead()

File [0;32m/opt/hostedtoolcache/Python/3.8.12/x64/lib/python3.8/site-packages/pandas/util/_decorators.py:207[0m, in [0;36mdeprecate_kwarg.<locals>._deprecate_kwarg.<locals>.wrapper[0;34m(*args, **kwargs)[0m
[1;32m    205[0m     [38;5;28;01melse[39;00m:
[1;32m    206[0m         kwargs[new_arg_name] [38;5;241m=[39m new_arg_value
[0;32m--> 207[0m [38;5;28;01mreturn[39;00m [43mfunc[49m[43m([49m[38;5;241;43m*[39;49m[43margs[49m[43m,[49m[43m [49m[38;5;241;43m*[39;49m[38;5;241;43m*[39;49m[43mkwargs[49m[43m)[49m

File [0;32m/opt/hostedtoolcache/Python/3.8.12/x64/lib/python3.8/site-packages/pandas/util/_decorators.py:311[0m, in [0;36mdeprecate_nonkeyword_arguments.<locals>.decorate.<locals>.wrapper[0;34m(*args, **kwargs)[0m
[1;32m    305[0m [38;5;28;01mif[39;00m [38;5;28mlen[39m(args) [38;5;241m>[39m num_allow_args:
[1;32m    306[0m     warnings[38;5;241m.[39mwarn(
[1;32m    307[0m         msg[38;5;241m.[39mformat(arguments[38;5;241m=[39marguments),
[1;32m    308[0m         [38;5;167;01mFutureWarning[39;00m,
[1;32m    309[0m         stacklevel[38;5;241m=[39mstacklevel,
[1;32m    310[0m     )
[0;32m--> 311[0m [38;5;28;01mreturn[39;00m [43mfunc[49m[43m([49m[38;5;241;43m*[39;49m[43margs[49m[43m,[49m[43m [49m[38;5;241;43m*[39;49m[38;5;241;43m*[39;49m[43mkwargs[49m[43m)[49m

File [0;32m/opt/hostedtoolcache/Python/3.8.12/x64/lib/python3.8/site-packages/pandas/io/json/_json.py:612[0m, in [0;36mread_json[0;34m(path_or_buf, orient, typ, dtype, convert_axes, convert_dates, keep_default_dates, numpy, precise_float, date_unit, encoding, encoding_errors, lines, chunksize, compression, nrows, storage_options)[0m
[1;32m    609[0m     [38;5;28;01mreturn[39;00m json_reader
[1;32m    611[0m [38;5;28;01mwith[39;00m json_reader:
[0;32m--> 612[0m     [38;5;28;01mreturn[39;00m [43mjson_reader[49m[38;5;241;43m.[39;49m[43mread[49m[43m([49m[43m)[49m

File [0;32m/opt/hostedtoolcache/Python/3.8.12/x64/lib/python3.8/site-packages/pandas/io/json/_json.py:744[0m, in [0;36mJsonReader.read[0;34m(self)[0m
[1;32m    742[0m         data [38;5;241m=[39m ensure_str([38;5;28mself[39m[38;5;241m.[39mdata)
[1;32m    743[0m         data_lines [38;5;241m=[39m data[38;5;241m.[39msplit([38;5;124m"[39m[38;5;130;01m\n[39;00m[38;5;124m"[39m)
[0;32m--> 744[0m         obj [38;5;241m=[39m [38;5;28;43mself[39;49m[38;5;241;43m.[39;49m[43m_get_object_parser[49m[43m([49m[38;5;28;43mself[39;49m[38;5;241;43m.[39;49m[43m_combine_lines[49m[43m([49m[43mdata_lines[49m[43m)[49m[43m)[49m
[1;32m    745[0m [38;5;28;01melse[39;00m:
[1;32m    746[0m     obj [38;5;241m=[39m [38;5;28mself[39m[38;5;241m.[39m_get_object_parser([38;5;28mself[39m[38;5;241m.[39mdata)

File [0;32m/opt/hostedtoolcache/Python/3.8.12/x64/lib/python3.8/site-packages/pandas/io/json/_json.py:768[0m, in [0;36mJsonReader._get_object_parser[0;34m(self, json)[0m
[1;32m    766[0m obj [38;5;241m=[39m [38;5;28;01mNone[39;00m
[1;32m    767[0m [38;5;28;01mif[39;00m typ [38;5;241m==[39m [38;5;124m"[39m[38;5;124mframe[39m[38;5;124m"[39m:
[0;32m--> 768[0m     obj [38;5;241m=[39m [43mFrameParser[49m[43m([49m[43mjson[49m[43m,[49m[43m [49m[38;5;241;43m*[39;49m[38;5;241;43m*[39;49m[43mkwargs[49m[43m)[49m[38;5;241;43m.[39;49m[43mparse[49m[43m([49m[43m)[49m
[1;32m    770[0m [38;5;28;01mif[39;00m typ [38;5;241m==[39m [38;5;124m"[39m[38;5;124mseries[39m[38;5;124m"[39m [38;5;129;01mor[39;00m obj [38;5;129;01mis[39;00m [38;5;28;01mNone[39;00m:
[1;32m    771[0m     [38;5;28;01mif[39;00m [38;5;129;01mnot[39;00m [38;5;28misinstance[39m(dtype, [38;5;28mbool[39m):

File [0;32m/opt/hostedtoolcache/Python/3.8.12/x64/lib/python3.8/site-packages/pandas/io/json/_json.py:880[0m, in [0;36mParser.parse[0;34m(self)[0m
[1;32m    878[0m     [38;5;28mself[39m[38;5;241m.[39m_parse_numpy()
[1;32m    879[0m [38;5;28;01melse[39;00m:
[0;32m--> 880[0m     [38;5;28;43mself[39;49m[38;5;241;43m.[39;49m[43m_parse_no_numpy[49m[43m([49m[43m)[49m
[1;32m    882[0m [38;5;28;01mif[39;00m [38;5;28mself[39m[38;5;241m.[39mobj [38;5;129;01mis[39;00m [38;5;28;01mNone[39;00m:
[1;32m    883[0m     [38;5;28;01mreturn[39;00m [38;5;28;01mNone[39;00m

File [0;32m/opt/hostedtoolcache/Python/3.8.12/x64/lib/python3.8/site-packages/pandas/io/json/_json.py:1133[0m, in [0;36mFrameParser._parse_no_numpy[0;34m(self)[0m
[1;32m   1129[0m orient [38;5;241m=[39m [38;5;28mself[39m[38;5;241m.[39morient
[1;32m   1131[0m [38;5;28;01mif[39;00m orient [38;5;241m==[39m [38;5;124m"[39m[38;5;124mcolumns[39m[38;5;124m"[39m:
[1;32m   1132[0m     [38;5;28mself[39m[38;5;241m.[39mobj [38;5;241m=[39m DataFrame(
[0;32m-> 1133[0m         [43mloads[49m[43m([49m[43mjson[49m[43m,[49m[43m [49m[43mprecise_float[49m[38;5;241;43m=[39;49m[38;5;28;43mself[39;49m[38;5;241;43m.[39;49m[43mprecise_float[49m[43m)[49m, dtype[38;5;241m=[39m[38;5;28;01mNone[39;00m
[1;32m   1134[0m     )
[1;32m   1135[0m [38;5;28;01melif[39;00m orient [38;5;241m==[39m [38;5;124m"[39m[38;5;124msplit[39m[38;5;124m"[39m:
[1;32m   1136[0m     decoded [38;5;241m=[39m {
[1;32m   1137[0m         [38;5;28mstr[39m(k): v
[1;32m   1138[0m         [38;5;28;01mfor[39;00m k, v [38;5;129;01min[39;00m loads(json, precise_float[38;5;241m=[39m[38;5;28mself[39m[38;5;241m.[39mprecise_float)[38;5;241m.[39mitems()
[1;32m   1139[0m     }

[0;31mValueError[0m: Expected object or value
ValueError: Expected object or value

